Traceback (most recent call last):
  File "/Users/ankeshkumar/Content_Engine/hybrid-os-prototype/backend/venv/bin/uvicorn", line 8, in <module>
    sys.exit(main())
  File "/Users/ankeshkumar/Content_Engine/hybrid-os-prototype/backend/venv/lib/python3.10/site-packages/click/core.py", line 1485, in __call__
    return self.main(*args, **kwargs)
  File "/Users/ankeshkumar/Content_Engine/hybrid-os-prototype/backend/venv/lib/python3.10/site-packages/click/core.py", line 1406, in main
    rv = self.invoke(ctx)
  File "/Users/ankeshkumar/Content_Engine/hybrid-os-prototype/backend/venv/lib/python3.10/site-packages/click/core.py", line 1269, in invoke
    return ctx.invoke(self.callback, **ctx.params)
  File "/Users/ankeshkumar/Content_Engine/hybrid-os-prototype/backend/venv/lib/python3.10/site-packages/click/core.py", line 824, in invoke
    return callback(*args, **kwargs)
  File "/Users/ankeshkumar/Content_Engine/hybrid-os-prototype/backend/venv/lib/python3.10/site-packages/uvicorn/main.py", line 433, in main
    run(
  File "/Users/ankeshkumar/Content_Engine/hybrid-os-prototype/backend/venv/lib/python3.10/site-packages/uvicorn/main.py", line 606, in run
    server.run()
  File "/Users/ankeshkumar/Content_Engine/hybrid-os-prototype/backend/venv/lib/python3.10/site-packages/uvicorn/server.py", line 75, in run
    return asyncio_run(self.serve(sockets=sockets), loop_factory=self.config.get_loop_factory())
  File "/Users/ankeshkumar/Content_Engine/hybrid-os-prototype/backend/venv/lib/python3.10/site-packages/uvicorn/_compat.py", line 60, in asyncio_run
    return loop.run_until_complete(main)
  File "/Users/ankeshkumar/.pyenv/versions/3.10.12/lib/python3.10/asyncio/base_events.py", line 649, in run_until_complete
    return future.result()
  File "/Users/ankeshkumar/Content_Engine/hybrid-os-prototype/backend/venv/lib/python3.10/site-packages/uvicorn/server.py", line 79, in serve
    await self._serve(sockets)
  File "/Users/ankeshkumar/Content_Engine/hybrid-os-prototype/backend/venv/lib/python3.10/site-packages/uvicorn/server.py", line 86, in _serve
    config.load()
  File "/Users/ankeshkumar/Content_Engine/hybrid-os-prototype/backend/venv/lib/python3.10/site-packages/uvicorn/config.py", line 441, in load
    self.loaded_app = import_from_string(self.app)
  File "/Users/ankeshkumar/Content_Engine/hybrid-os-prototype/backend/venv/lib/python3.10/site-packages/uvicorn/importer.py", line 22, in import_from_string
    raise exc from None
  File "/Users/ankeshkumar/Content_Engine/hybrid-os-prototype/backend/venv/lib/python3.10/site-packages/uvicorn/importer.py", line 19, in import_from_string
    module = importlib.import_module(module_str)
  File "/Users/ankeshkumar/.pyenv/versions/3.10.12/lib/python3.10/importlib/__init__.py", line 126, in import_module
    return _bootstrap._gcd_import(name[level:], package, level)
  File "<frozen importlib._bootstrap>", line 1050, in _gcd_import
  File "<frozen importlib._bootstrap>", line 1027, in _find_and_load
  File "<frozen importlib._bootstrap>", line 1006, in _find_and_load_unlocked
  File "<frozen importlib._bootstrap>", line 688, in _load_unlocked
  File "<frozen importlib._bootstrap_external>", line 883, in exec_module
  File "<frozen importlib._bootstrap>", line 241, in _call_with_frames_removed
  File "/Users/ankeshkumar/Content_Engine/hybrid-os-prototype/backend/main.py", line 7, in <module>
    from agent_graph import app_graph, PostState
  File "/Users/ankeshkumar/Content_Engine/hybrid-os-prototype/backend/agent_graph.py", line 1, in <module>
    from linkedin_content.agent_graph import *
  File "/Users/ankeshkumar/Content_Engine/hybrid-os-prototype/backend/linkedin_content/agent_graph.py", line 8, in <module>
    from ml_model import post_predictor
  File "/Users/ankeshkumar/Content_Engine/hybrid-os-prototype/backend/ml_model.py", line 1, in <module>
    from linkedin_content.ml_model import *
  File "/Users/ankeshkumar/Content_Engine/hybrid-os-prototype/backend/linkedin_content/ml_model.py", line 16, in <module>
    from sklearn.ensemble import GradientBoostingRegressor
  File "/Users/ankeshkumar/Content_Engine/hybrid-os-prototype/backend/venv/lib/python3.10/site-packages/sklearn/__init__.py", line 73, in <module>
    from .base import clone  # noqa: E402
  File "/Users/ankeshkumar/Content_Engine/hybrid-os-prototype/backend/venv/lib/python3.10/site-packages/sklearn/base.py", line 19, in <module>
    from .utils._metadata_requests import _MetadataRequester, _routing_enabled
  File "/Users/ankeshkumar/Content_Engine/hybrid-os-prototype/backend/venv/lib/python3.10/site-packages/sklearn/utils/__init__.py", line 9, in <module>
    from ._chunking import gen_batches, gen_even_slices
  File "/Users/ankeshkumar/Content_Engine/hybrid-os-prototype/backend/venv/lib/python3.10/site-packages/sklearn/utils/_chunking.py", line 11, in <module>
    from ._param_validation import Interval, validate_params
  File "/Users/ankeshkumar/Content_Engine/hybrid-os-prototype/backend/venv/lib/python3.10/site-packages/sklearn/utils/_param_validation.py", line 14, in <module>
    from scipy.sparse import csr_matrix, issparse
ModuleNotFoundError: No module named 'scipy.sparse'
